<?xml version="1.0" encoding="UTF-8"?>
<!-- Generated by org.testng.reporters.JUnitReportReporter -->
<testsuite hostname="Athirahs-MacBook-Air.local" failures="0" tests="2" name="athirahrahmat.TestCases.SubmitOrder" time="1.353" errors="0" timestamp="2024-07-29T23:50:47 MYT" skipped="0">
  <testcase classname="athirahrahmat.TestCases.SubmitOrder" name="submitOrder" time="0.602"/>
  <testcase classname="athirahrahmat.TestCases.SubmitOrder" name="selectCountry" time="0.751"/>
</testsuite> <!-- athirahrahmat.TestCases.SubmitOrder -->
