<?xml version="1.0" encoding="UTF-8"?>
<!-- Generated by org.testng.reporters.JUnitReportReporter -->
<testsuite hostname="Athirahs-MacBook-Air.local" failures="0" tests="1" name="athirahrahmat.TestScripts.Checkout2" time="10.186" errors="0" timestamp="2024-07-30T00:47:40 MYT" skipped="0">
  <testcase classname="athirahrahmat.TestScripts.Checkout2" name="clickCheckout" time="10.186"/>
</testsuite> <!-- athirahrahmat.TestScripts.Checkout2 -->
