<?xml version="1.0" encoding="UTF-8"?>
<!-- Generated by org.testng.reporters.JUnitReportReporter -->
<testsuite hostname="Athirahs-MacBook-Air.local" failures="0" tests="1" name="athirahrahmat.TestScripts.DownloadInvoice" time="5.144" errors="0" timestamp="2024-08-14T15:55:07 MYT" skipped="0">
  <testcase classname="athirahrahmat.TestScripts.DownloadInvoice" name="DownloadCSV" time="5.144"/>
</testsuite> <!-- athirahrahmat.TestScripts.DownloadInvoice -->
