<?xml version="1.0" encoding="UTF-8"?>
<!-- Generated by org.testng.reporters.JUnitReportReporter -->
<testsuite hostname="Athirahs-MacBook-Air.local" failures="0" tests="1" name="athirahrahmat.TestCases.ViewCart" time="1.159" errors="0" timestamp="2024-07-26T23:13:54 MYT" skipped="0">
  <testcase classname="athirahrahmat.TestCases.ViewCart" name="verifyProdInCart" time="1.159"/>
</testsuite> <!-- athirahrahmat.TestCases.ViewCart -->
