<?xml version="1.0" encoding="UTF-8"?>
<!-- Generated by org.testng.reporters.JUnitReportReporter -->
<testsuite hostname="Athirahs-MacBook-Air.local" failures="0" tests="1" name="athirahrahmat.TestScripts.AddMoreThan1Product" time="34.142" errors="0" timestamp="2024-07-30T00:53:00 MYT" skipped="0">
  <testcase classname="athirahrahmat.TestScripts.AddMoreThan1Product" name="selectProducts" time="34.142"/>
</testsuite> <!-- athirahrahmat.TestScripts.AddMoreThan1Product -->
