<?xml version="1.0" encoding="UTF-8"?>
<!-- Generated by org.testng.reporters.JUnitReportReporter -->
<testsuite hostname="Athirahs-MacBook-Air.local" failures="0" tests="1" name="athirahrahmat.TestScripts.ViewCartIFMore1Product" time="21.862" errors="0" timestamp="2024-08-01T01:12:08 MYT" skipped="0">
  <testcase classname="athirahrahmat.TestScripts.ViewCartIFMore1Product" name="verifyProdInCart" time="21.862"/>
</testsuite> <!-- athirahrahmat.TestScripts.ViewCartIFMore1Product -->
