<?xml version="1.0" encoding="UTF-8"?>
<!-- Generated by org.testng.reporters.JUnitReportReporter -->
<testsuite hostname="Athirahs-MacBook-Air.local" failures="0" tests="1" name="athirahrahmat.TestScripts.ViewCart" time="12.922" errors="0" timestamp="2024-07-30T13:50:56 MYT" skipped="0">
  <testcase classname="athirahrahmat.TestScripts.ViewCart" name="verifyProdInCart" time="12.922"/>
</testsuite> <!-- athirahrahmat.TestScripts.ViewCart -->
