<?xml version="1.0" encoding="UTF-8"?>
<!-- Generated by org.testng.reporters.JUnitReportReporter -->
<testsuite hostname="Athirahs-MacBook-Air.local" failures="0" tests="2" name="athirahrahmat.TestScripts.SubmitOrder" time="1.521" errors="0" timestamp="2024-07-30T00:42:37 MYT" skipped="0">
  <testcase classname="athirahrahmat.TestScripts.SubmitOrder" name="selectCountry" time="0.535"/>
  <testcase classname="athirahrahmat.TestScripts.SubmitOrder" name="submitOrder" time="0.986"/>
</testsuite> <!-- athirahrahmat.TestScripts.SubmitOrder -->
