<?xml version="1.0" encoding="UTF-8"?>
<!-- Generated by org.testng.reporters.JUnitReportReporter -->
<testsuite hostname="Athirahs-MacBook-Air.local" failures="0" tests="1" name="athirahrahmat.TestScripts.Logout" time="5.136" errors="0" timestamp="2024-08-14T22:28:41 MYT" skipped="0">
  <testcase classname="athirahrahmat.TestScripts.Logout" name="signout" time="5.136"/>
</testsuite> <!-- athirahrahmat.TestScripts.Logout -->
