<?xml version="1.0" encoding="UTF-8"?>
<!-- Generated by org.testng.reporters.JUnitReportReporter -->
<testsuite hostname="Athirahs-MacBook-Air.local" failures="0" tests="2" name="athirahrahmat.NegativeTestScripts.InvalidCredential" time="1.094" errors="0" timestamp="2024-08-01T01:51:28 MYT" skipped="0">
  <testcase classname="athirahrahmat.NegativeTestScripts.InvalidCredential" name="wrongPassword" time="0.978"/>
  <testcase classname="athirahrahmat.NegativeTestScripts.InvalidCredential" name="wrongUsername" time="0.116"/>
</testsuite> <!-- athirahrahmat.NegativeTestScripts.InvalidCredential -->
