<?xml version="1.0" encoding="UTF-8"?>
<!-- Generated by org.testng.reporters.JUnitReportReporter -->
<testsuite hostname="Athirahs-MacBook-Air.local" failures="0" tests="1" name="athirahrahmat.TestScripts.ViewCart" time="13.006" errors="0" timestamp="2024-08-14T22:28:41 MYT" skipped="0">
  <testcase classname="athirahrahmat.TestScripts.ViewCart" name="verifyProdInCart" time="13.006"/>
</testsuite> <!-- athirahrahmat.TestScripts.ViewCart -->
