<?xml version="1.0" encoding="UTF-8"?>
<!-- Generated by org.testng.reporters.JUnitReportReporter -->
<testsuite hostname="Athirahs-MacBook-Air.local" failures="0" tests="1" name="athirahrahmat.TestScripts.ViewProductDesc" time="5.624" errors="0" timestamp="2024-07-30T22:06:42 MYT" skipped="0">
  <testcase classname="athirahrahmat.TestScripts.ViewProductDesc" name="viewProduct" time="5.624"/>
</testsuite> <!-- athirahrahmat.TestScripts.ViewProductDesc -->
