<?xml version="1.0" encoding="UTF-8"?>
<!-- Generated by org.testng.reporters.JUnitReportReporter -->
<testsuite hostname="Athirahs-MacBook-Air.local" failures="0" tests="1" name="athirahrahmat.TestScripts.AddMoreThan1Product" time="33.553" errors="0" timestamp="2024-08-01T01:12:08 MYT" skipped="0">
  <testcase classname="athirahrahmat.TestScripts.AddMoreThan1Product" name="selectProducts" time="33.553"/>
</testsuite> <!-- athirahrahmat.TestScripts.AddMoreThan1Product -->
