<?xml version="1.0" encoding="UTF-8"?>
<!-- Generated by org.testng.reporters.JUnitReportReporter -->
<testsuite hostname="Athirahs-MacBook-Air.local" failures="0" tests="1" name="athirahrahmat.TestScripts.ViewProdDesc" time="5.530" errors="0" timestamp="2024-08-14T17:15:16 MYT" skipped="0">
  <testcase classname="athirahrahmat.TestScripts.ViewProdDesc" name="viewProduct" time="5.530"/>
</testsuite> <!-- athirahrahmat.TestScripts.ViewProdDesc -->
