<?xml version="1.0" encoding="UTF-8"?>
<!-- Generated by org.testng.reporters.JUnitReportReporter -->
<testsuite hostname="Athirahs-MacBook-Air.local" failures="0" tests="2" name="athirahrahmat.TestScripts.SubmitOrder" time="0.754" errors="0" timestamp="2024-07-30T14:09:24 MYT" skipped="0">
  <testcase classname="athirahrahmat.TestScripts.SubmitOrder" name="selectCountry" time="0.569"/>
  <testcase classname="athirahrahmat.TestScripts.SubmitOrder" name="submitOrder" time="0.185"/>
</testsuite> <!-- athirahrahmat.TestScripts.SubmitOrder -->
