<?xml version="1.0" encoding="UTF-8"?>
<!-- Generated by org.testng.reporters.JUnitReportReporter -->
<testsuite hostname="Athirahs-MacBook-Air.local" failures="0" tests="1" name="athirahrahmat.TestCases.Checkout" time="0.070" errors="0" timestamp="2024-07-26T23:13:54 MYT" skipped="0">
  <testcase classname="athirahrahmat.TestCases.Checkout" name="clickCheckout" time="0.070"/>
</testsuite> <!-- athirahrahmat.TestCases.Checkout -->
