<?xml version="1.0" encoding="UTF-8"?>
<!-- Generated by org.testng.reporters.JUnitReportReporter -->
<testsuite hostname="Athirahs-MacBook-Air.local" failures="0" tests="2" name="athirahrahmat.TestScripts.SubmitMoreProducts" time="0.780" errors="0" timestamp="2024-07-30T00:53:00 MYT" skipped="0">
  <testcase classname="athirahrahmat.TestScripts.SubmitMoreProducts" name="submitOrder" time="0.256"/>
  <testcase classname="athirahrahmat.TestScripts.SubmitMoreProducts" name="selectCountry" time="0.524"/>
</testsuite> <!-- athirahrahmat.TestScripts.SubmitMoreProducts -->
