<?xml version="1.0" encoding="UTF-8"?>
<!-- Generated by org.testng.reporters.JUnitReportReporter -->
<testsuite hostname="Athirahs-MacBook-Air.local" failures="0" tests="2" name="athirahrahmat.TestScripts.FilterProducts" time="5.210" errors="0" timestamp="2024-07-31T15:05:29 MYT" skipped="0">
  <testcase classname="athirahrahmat.TestScripts.FilterProducts" name="filterBySearchbox" time="0.099"/>
  <testcase classname="athirahrahmat.TestScripts.FilterProducts" name="filterByCategories" time="5.111"/>
</testsuite> <!-- athirahrahmat.TestScripts.FilterProducts -->
