<?xml version="1.0" encoding="UTF-8"?>
<!-- Generated by org.testng.reporters.JUnitReportReporter -->
<testsuite hostname="Athirahs-MacBook-Air.local" failures="0" tests="2" name="athirahrahmat.TestScripts.SubmitMoreProducts" time="0.768" errors="0" timestamp="2024-08-01T01:12:08 MYT" skipped="0">
  <testcase classname="athirahrahmat.TestScripts.SubmitMoreProducts" name="selectCountry" time="0.533"/>
  <testcase classname="athirahrahmat.TestScripts.SubmitMoreProducts" name="submitOrder" time="0.235"/>
</testsuite> <!-- athirahrahmat.TestScripts.SubmitMoreProducts -->
