<?xml version="1.0" encoding="UTF-8"?>
<!-- Generated by org.testng.reporters.JUnitReportReporter -->
<testsuite hostname="Athirahs-MacBook-Air.local" failures="0" tests="1" name="athirahrahmat.TestCases.GetPageTitle" time="2.010" errors="0" timestamp="2024-07-24T23:48:04 MYT" skipped="0">
  <testcase classname="athirahrahmat.TestCases.GetPageTitle" name="getWebPageTitle" time="2.010"/>
</testsuite> <!-- athirahrahmat.TestCases.GetPageTitle -->
