<?xml version="1.0" encoding="UTF-8"?>
<!-- Generated by org.testng.reporters.JUnitReportReporter -->
<testsuite hostname="Athirahs-MacBook-Air.local" failures="0" tests="1" name="athirahrahmat.TestCases.OpenBrowser" time="2.097" errors="0" timestamp="2024-07-24T23:45:18 MYT" skipped="0">
  <testcase classname="athirahrahmat.TestCases.OpenBrowser" name="getWebPageTitle" time="2.097"/>
</testsuite> <!-- athirahrahmat.TestCases.OpenBrowser -->
