<?xml version="1.0" encoding="UTF-8"?>
<!-- Generated by org.testng.reporters.JUnitReportReporter -->
<testsuite hostname="Athirahs-MacBook-Air.local" failures="0" tests="1" name="athirahrahmat.TestScripts.ViewCart" time="1.975" errors="0" timestamp="2024-07-29T23:40:52 MYT" skipped="0">
  <testcase classname="athirahrahmat.TestScripts.ViewCart" name="verifyProdInCart" time="1.975"/>
</testsuite> <!-- athirahrahmat.TestScripts.ViewCart -->
