<?xml version="1.0" encoding="UTF-8"?>
<!-- Generated by org.testng.reporters.JUnitReportReporter -->
<testsuite hostname="Athirahs-MacBook-Air.local" failures="0" tests="2" name="athirahrahmat.TestCases.InvalidCredential" time="2.653" errors="0" timestamp="2024-07-25T01:42:38 MYT" skipped="0">
  <testcase classname="athirahrahmat.TestCases.InvalidCredential" name="wrongPassword" time="0.419"/>
  <testcase classname="athirahrahmat.TestCases.InvalidCredential" name="wrongUsername" time="2.234"/>
</testsuite> <!-- athirahrahmat.TestCases.InvalidCredential -->
