<?xml version="1.0" encoding="UTF-8"?>
<!-- Generated by org.testng.reporters.JUnitReportReporter -->
<testsuite hostname="Athirahs-MacBook-Air.local" failures="0" tests="1" name="athirahrahmat.TestScripts.Login" time="3.469" errors="0" timestamp="2024-07-30T00:53:00 MYT" skipped="0">
  <testcase classname="athirahrahmat.TestScripts.Login" name="login" time="3.469"/>
</testsuite> <!-- athirahrahmat.TestScripts.Login -->
