<?xml version="1.0" encoding="UTF-8"?>
<!-- Generated by org.testng.reporters.JUnitReportReporter -->
<testsuite hostname="Athirahs-MacBook-Air.local" failures="0" tests="2" name="athirahrahmat.TestScripts.SubmitOrder" time="0.954" errors="0" timestamp="2024-07-30T00:22:52 MYT" skipped="0">
  <testcase classname="athirahrahmat.TestScripts.SubmitOrder" name="submitOrder" time="0.405"/>
  <testcase classname="athirahrahmat.TestScripts.SubmitOrder" name="selectCountry" time="0.549"/>
</testsuite> <!-- athirahrahmat.TestScripts.SubmitOrder -->
