<?xml version="1.0" encoding="UTF-8"?>
<!-- Generated by org.testng.reporters.JUnitReportReporter -->
<testsuite hostname="Athirahs-MacBook-Air.local" failures="0" tests="1" name="athirahrahmat.TestScripts.AddMoreThan1Product" time="3.315" errors="0" timestamp="2024-07-29T23:40:52 MYT" skipped="0">
  <testcase classname="athirahrahmat.TestScripts.AddMoreThan1Product" name="selectProducts" time="3.315"/>
</testsuite> <!-- athirahrahmat.TestScripts.AddMoreThan1Product -->
