<?xml version="1.0" encoding="UTF-8"?>
<!-- Generated by org.testng.reporters.JUnitReportReporter -->
<testsuite hostname="Athirahs-MacBook-Air.local" failures="0" tests="1" name="athirahrahmat.TestScripts.ViewPastOrders" time="16.795" errors="0" timestamp="2024-07-30T01:33:32 MYT" skipped="0">
  <testcase classname="athirahrahmat.TestScripts.ViewPastOrders" name="clickOrdersTab" time="16.795"/>
</testsuite> <!-- athirahrahmat.TestScripts.ViewPastOrders -->
