<?xml version="1.0" encoding="UTF-8"?>
<!-- Generated by org.testng.reporters.JUnitReportReporter -->
<testsuite hostname="Athirahs-MacBook-Air.local" failures="0" tests="1" name="athirahrahmat.TestScripts.AddToCart" time="0.603" errors="0" timestamp="2024-07-29T23:40:52 MYT" skipped="0">
  <testcase classname="athirahrahmat.TestScripts.AddToCart" name="selectProduct" time="0.603"/>
</testsuite> <!-- athirahrahmat.TestScripts.AddToCart -->
