<?xml version="1.0" encoding="UTF-8"?>
<!-- Generated by org.testng.reporters.JUnitReportReporter -->
<testsuite hostname="Athirahs-MacBook-Air.local" failures="0" tests="1" name="athirahrahmat.TestScripts.Checkout" time="10.167" errors="0" timestamp="2024-08-14T22:28:41 MYT" skipped="0">
  <testcase classname="athirahrahmat.TestScripts.Checkout" name="clickCheckout" time="10.167"/>
</testsuite> <!-- athirahrahmat.TestScripts.Checkout -->
