<?xml version="1.0" encoding="UTF-8"?>
<!-- Generated by org.testng.reporters.JUnitReportReporter -->
<testsuite hostname="Athirahs-MacBook-Air.local" failures="0" tests="1" name="athirahrahmat.TestScripts.FilterByCategories" time="5.112" errors="0" timestamp="2024-08-01T02:08:23 MYT" skipped="0">
  <testcase classname="athirahrahmat.TestScripts.FilterByCategories" name="filterbycheckbox" time="5.112"/>
</testsuite> <!-- athirahrahmat.TestScripts.FilterByCategories -->
