<?xml version="1.0" encoding="UTF-8"?>
<!-- Generated by org.testng.reporters.JUnitReportReporter -->
<testsuite hostname="Athirahs-MacBook-Air.local" failures="0" tests="1" name="athirahrahmat.TestScripts.Login" time="0.612" errors="0" timestamp="2024-07-30T00:47:40 MYT" skipped="0">
  <testcase classname="athirahrahmat.TestScripts.Login" name="login" time="0.612"/>
</testsuite> <!-- athirahrahmat.TestScripts.Login -->
