<?xml version="1.0" encoding="UTF-8"?>
<!-- Generated by org.testng.reporters.JUnitReportReporter -->
<testsuite hostname="Athirahs-MacBook-Air.local" failures="0" tests="1" name="athirahrahmat.TestCases.AddToCart" time="0.621" errors="0" timestamp="2024-07-29T23:50:47 MYT" skipped="0">
  <testcase classname="athirahrahmat.TestCases.AddToCart" name="selectProduct" time="0.621"/>
</testsuite> <!-- athirahrahmat.TestCases.AddToCart -->
