<?xml version="1.0" encoding="UTF-8"?>
<!-- Generated by org.testng.reporters.JUnitReportReporter -->
<testsuite hostname="Athirahs-MacBook-Air.local" failures="0" tests="1" name="athirahrahmat.TestScripts.ViewPastOrders" time="5.384" errors="0" timestamp="2024-07-30T22:44:38 MYT" skipped="0">
  <testcase classname="athirahrahmat.TestScripts.ViewPastOrders" name="clickOrdersTab" time="5.384"/>
</testsuite> <!-- athirahrahmat.TestScripts.ViewPastOrders -->
