<?xml version="1.0" encoding="UTF-8"?>
<!-- Generated by org.testng.reporters.JUnitReportReporter -->
<testsuite hostname="Athirahs-MacBook-Air.local" failures="0" tests="1" name="athirahrahmat.TestScripts.ViewProdDesc" time="5.629" errors="0" timestamp="2024-07-30T22:45:22 MYT" skipped="0">
  <testcase classname="athirahrahmat.TestScripts.ViewProdDesc" name="viewProduct" time="5.629"/>
</testsuite> <!-- athirahrahmat.TestScripts.ViewProdDesc -->
