<?xml version="1.0" encoding="UTF-8"?>
<!-- Generated by org.testng.reporters.JUnitReportReporter -->
<testsuite hostname="Athirahs-MacBook-Air.local" failures="0" tests="1" name="athirahrahmat.TestCases.LoginSuccessfully" time="2.497" errors="0" timestamp="2024-07-25T00:25:29 MYT" skipped="0">
  <testcase classname="athirahrahmat.TestCases.LoginSuccessfully" name="login" time="2.497"/>
</testsuite> <!-- athirahrahmat.TestCases.LoginSuccessfully -->
