<?xml version="1.0" encoding="UTF-8"?>
<!-- Generated by org.testng.reporters.JUnitReportReporter -->
<testsuite hostname="Athirahs-MacBook-Air.local" failures="0" tests="1" name="athirahrahmat.TestScripts.Login" time="0.373" errors="0" timestamp="2024-08-01T02:10:31 MYT" skipped="0">
  <testcase classname="athirahrahmat.TestScripts.Login" name="login" time="0.373"/>
</testsuite> <!-- athirahrahmat.TestScripts.Login -->
