<?xml version="1.0" encoding="UTF-8"?>
<!-- Generated by org.testng.reporters.JUnitReportReporter -->
<testsuite hostname="Athirahs-MacBook-Air.local" failures="0" tests="1" name="athirahrahmat.TestScripts.Checkout2" time="10.132" errors="0" timestamp="2024-08-01T01:12:08 MYT" skipped="0">
  <testcase classname="athirahrahmat.TestScripts.Checkout2" name="clickCheckout" time="10.132"/>
</testsuite> <!-- athirahrahmat.TestScripts.Checkout2 -->
