<?xml version="1.0" encoding="UTF-8"?>
<!-- Generated by org.testng.reporters.JUnitReportReporter -->
<testsuite hostname="Athirahs-MacBook-Air.local" failures="0" tests="1" name="athirahrahmat.NegativeTestScripts.NoProdFound" time="0.722" errors="0" timestamp="2024-08-01T01:51:28 MYT" skipped="0">
  <testcase classname="athirahrahmat.NegativeTestScripts.NoProdFound" name="filterBySearchbox" time="0.722"/>
</testsuite> <!-- athirahrahmat.NegativeTestScripts.NoProdFound -->
