<?xml version="1.0" encoding="UTF-8"?>
<!-- Generated by org.testng.reporters.JUnitReportReporter -->
<testsuite hostname="Athirahs-MacBook-Air.local" failures="0" tests="2" name="athirahrahmat.TestScripts.SubmitOrder" time="1.804" errors="0" timestamp="2024-07-30T00:50:32 MYT" skipped="0">
  <testcase classname="athirahrahmat.TestScripts.SubmitOrder" name="submitOrder" time="1.248"/>
  <testcase classname="athirahrahmat.TestScripts.SubmitOrder" name="selectCountry" time="0.556"/>
</testsuite> <!-- athirahrahmat.TestScripts.SubmitOrder -->
