<?xml version="1.0" encoding="UTF-8"?>
<!-- Generated by org.testng.reporters.JUnitReportReporter -->
<testsuite hostname="Athirahs-MacBook-Air.local" failures="0" tests="1" name="athirahrahmat.TestScripts.AddToCart" time="0.333" errors="0" timestamp="2024-08-01T02:08:23 MYT" skipped="0">
  <testcase classname="athirahrahmat.TestScripts.AddToCart" name="selectProduct" time="0.333"/>
</testsuite> <!-- athirahrahmat.TestScripts.AddToCart -->
