<?xml version="1.0" encoding="UTF-8"?>
<!-- Generated by org.testng.reporters.JUnitReportReporter -->
<testsuite hostname="Athirahs-MacBook-Air.local" failures="0" tests="2" name="athirahrahmat.TestCases.SubmitOrder" time="1.326" errors="0" timestamp="2024-07-26T23:13:54 MYT" skipped="0">
  <testcase classname="athirahrahmat.TestCases.SubmitOrder" name="submitOrder" time="0.592"/>
  <testcase classname="athirahrahmat.TestCases.SubmitOrder" name="selectCountry" time="0.734"/>
</testsuite> <!-- athirahrahmat.TestCases.SubmitOrder -->
