<?xml version="1.0" encoding="UTF-8"?>
<!-- Generated by org.testng.reporters.JUnitReportReporter -->
<testsuite hostname="Athirahs-MacBook-Air.local" failures="0" tests="1" name="athirahrahmat.TestCases.Login" time="0.707" errors="0" timestamp="2024-07-26T23:13:54 MYT" skipped="0">
  <testcase classname="athirahrahmat.TestCases.Login" name="login" time="0.707"/>
</testsuite> <!-- athirahrahmat.TestCases.Login -->
